<?xml version="1.0" encoding="UTF-8"?>
<testng-results ignored="0" total="1" passed="1" failed="0" skipped="0">
  <reporter-output>
  </reporter-output>
  <suite started-at="2020-10-15T10:26:41 IST" name="Default suite" finished-at="2020-10-15T10:27:01 IST" duration-ms="19866">
    <groups>
    </groups>
    <test started-at="2020-10-15T10:26:41 IST" name="Default test" finished-at="2020-10-15T10:27:01 IST" duration-ms="19866">
      <class name="selenium.NewTest">
        <test-method signature="f()[pri:0, instance:selenium.NewTest@3315d2d7]" started-at="2020-10-15T10:26:41 IST" name="f" finished-at="2020-10-15T10:27:01 IST" duration-ms="19688" status="PASS">
          <reporter-output>
          </reporter-output>
        </test-method> <!-- f -->
      </class> <!-- selenium.NewTest -->
    </test> <!-- Default test -->
  </suite> <!-- Default suite -->
</testng-results>
